{
  "RSpec": {
    "coverage": {
      "/Users/danielbriechle/turing/3mod/rails_eng/rails_engine/app/models/customer.rb": [
        1,
        1,
        null,
        1,
        null
      ],
      "/Users/danielbriechle/turing/3mod/rails_eng/rails_engine/app/models/application_record.rb": [
        1,
        1,
        null
      ],
      "/Users/danielbriechle/turing/3mod/rails_eng/rails_engine/spec/models/invoice_item_spec.rb": [
        1,
        null,
        1,
        1,
        2,
        2,
        null,
        null,
        null,
        1,
        2,
        2,
        null,
        null
      ],
      "/Users/danielbriechle/turing/3mod/rails_eng/rails_engine/app/models/invoice_item.rb": [
        1,
        1,
        1,
        null,
        1,
        null
      ],
      "/Users/danielbriechle/turing/3mod/rails_eng/rails_engine/spec/models/invoice_spec.rb": [
        1,
        null,
        1,
        1,
        2,
        2,
        null,
        null,
        1,
        2,
        null,
        null
      ],
      "/Users/danielbriechle/turing/3mod/rails_eng/rails_engine/app/models/invoice.rb": [
        1,
        1,
        1,
        null,
        1,
        null
      ],
      "/Users/danielbriechle/turing/3mod/rails_eng/rails_engine/spec/models/item_spec.rb": [
        1,
        null,
        1,
        1,
        2,
        2,
        2,
        2,
        null,
        null,
        1,
        2,
        2,
        2,
        null,
        1,
        1,
        0,
        0,
        0,
        0,
        0,
        null,
        0,
        0,
        null,
        null,
        0,
        null,
        null,
        0,
        null,
        null,
        null,
        1,
        1,
        null,
        null,
        null
      ],
      "/Users/danielbriechle/turing/3mod/rails_eng/rails_engine/app/models/item.rb": [
        1,
        1,
        null,
        1,
        1,
        1,
        null,
        1,
        1,
        null,
        null,
        null,
        null,
        1,
        0,
        null,
        null,
        null,
        null,
        null
      ],
      "/Users/danielbriechle/turing/3mod/rails_eng/rails_engine/spec/models/merchant_spec.rb": [
        1,
        null,
        1,
        1,
        2,
        null,
        null,
        1,
        2,
        null,
        null
      ],
      "/Users/danielbriechle/turing/3mod/rails_eng/rails_engine/app/models/merchant.rb": [
        1,
        1,
        null,
        1,
        null
      ],
      "/Users/danielbriechle/turing/3mod/rails_eng/rails_engine/spec/models/transaction_spec.rb": [
        1,
        null,
        1,
        1,
        2,
        null,
        null,
        1,
        2,
        2,
        2,
        null,
        null
      ],
      "/Users/danielbriechle/turing/3mod/rails_eng/rails_engine/app/models/transaction.rb": [
        1,
        1,
        1,
        null
      ],
      "/Users/danielbriechle/turing/3mod/rails_eng/rails_engine/spec/requests/api/v1/customers_request_spec.rb": [
        1,
        1,
        1,
        null,
        1,
        null,
        1,
        1,
        null,
        null
      ],
      "/Users/danielbriechle/turing/3mod/rails_eng/rails_engine/spec/requests/api/v1/invoice_items_request_spec.rb": [
        1,
        1,
        1,
        null,
        1,
        null,
        1,
        1,
        null,
        null
      ],
      "/Users/danielbriechle/turing/3mod/rails_eng/rails_engine/spec/requests/api/v1/invoices_request_spec.rb": [
        1,
        1,
        1,
        null,
        1,
        null,
        1,
        1,
        null,
        null
      ],
      "/Users/danielbriechle/turing/3mod/rails_eng/rails_engine/spec/requests/api/v1/items_request_spec.rb": [
        1,
        1,
        1,
        null,
        1,
        null,
        1,
        1,
        null,
        null,
        1,
        1,
        null,
        null,
        1,
        null,
        1,
        null,
        1,
        null,
        1,
        1,
        null,
        null,
        1,
        1,
        null,
        1,
        null,
        1,
        null,
        1,
        null,
        1,
        1,
        null,
        null,
        1,
        0,
        0,
        0,
        0,
        0,
        null,
        0,
        0,
        null,
        0,
        0,
        0,
        0,
        null,
        null,
        null
      ],
      "/Users/danielbriechle/turing/3mod/rails_eng/rails_engine/spec/requests/api/v1/merchants_request_spec.rb": [
        1,
        1,
        1,
        null,
        1,
        null,
        1,
        1,
        null,
        null
      ],
      "/Users/danielbriechle/turing/3mod/rails_eng/rails_engine/spec/requests/api/v1/transactions_request_spec.rb": [
        1,
        1,
        1,
        null,
        1,
        null,
        1,
        1,
        null,
        null
      ],
      "/Users/danielbriechle/turing/3mod/rails_eng/rails_engine/app/controllers/api/v1/customers_controller.rb": [
        1,
        1,
        1,
        null,
        null
      ],
      "/Users/danielbriechle/turing/3mod/rails_eng/rails_engine/app/controllers/application_controller.rb": [
        1,
        null
      ],
      "/Users/danielbriechle/turing/3mod/rails_eng/rails_engine/app/serializers/customer_serializer.rb": [
        1,
        1,
        1,
        null
      ],
      "/Users/danielbriechle/turing/3mod/rails_eng/rails_engine/app/controllers/api/v1/items_controller.rb": [
        1,
        1,
        5,
        null,
        null,
        1,
        1,
        null,
        null
      ],
      "/Users/danielbriechle/turing/3mod/rails_eng/rails_engine/app/serializers/item_serializer.rb": [
        1,
        1,
        1,
        null,
        1,
        null,
        null
      ],
      "/Users/danielbriechle/turing/3mod/rails_eng/rails_engine/app/controllers/api/v1/items/search_controller.rb": [
        1,
        null,
        1,
        1,
        null,
        null,
        null
      ]
    },
    "timestamp": 1548462243
  }
}
