{
  "RSpec": {
    "coverage": {
      "/Users/danielbriechle/turing/3mod/rails_eng/rails_engine/app/models/customer.rb": [
        1,
        1,
        1,
        1,
        null,
        1,
        null,
        null,
        null,
        null,
        null,
        null,
        2,
        null,
        null,
        null
      ],
      "/Users/danielbriechle/turing/3mod/rails_eng/rails_engine/app/models/application_record.rb": [
        1,
        1,
        null
      ],
      "/Users/danielbriechle/turing/3mod/rails_eng/rails_engine/spec/models/invoice_item_spec.rb": [
        1,
        null,
        1,
        1,
        2,
        2,
        null,
        null,
        null,
        1,
        2,
        2,
        null,
        null
      ],
      "/Users/danielbriechle/turing/3mod/rails_eng/rails_engine/app/models/invoice_item.rb": [
        1,
        1,
        1,
        null,
        1,
        null
      ],
      "/Users/danielbriechle/turing/3mod/rails_eng/rails_engine/spec/models/invoice_spec.rb": [
        1,
        null,
        1,
        1,
        2,
        2,
        null,
        null,
        1,
        2,
        null,
        null
      ],
      "/Users/danielbriechle/turing/3mod/rails_eng/rails_engine/app/models/invoice.rb": [
        1,
        1,
        1,
        1,
        null,
        null,
        1,
        null
      ],
      "/Users/danielbriechle/turing/3mod/rails_eng/rails_engine/spec/models/item_spec.rb": [
        1,
        null,
        1,
        1,
        2,
        2,
        2,
        2,
        null,
        null,
        1,
        2,
        2,
        2,
        null,
        1,
        1,
        0,
        0,
        0,
        0,
        0,
        null,
        0,
        0,
        null,
        null,
        0,
        null,
        null,
        0,
        null,
        null,
        null,
        1,
        1,
        null,
        null,
        null
      ],
      "/Users/danielbriechle/turing/3mod/rails_eng/rails_engine/app/models/item.rb": [
        1,
        1,
        null,
        1,
        1,
        1,
        null,
        1,
        1,
        null,
        null,
        null,
        null,
        1,
        0,
        null,
        null,
        null,
        null,
        null
      ],
      "/Users/danielbriechle/turing/3mod/rails_eng/rails_engine/spec/models/merchant_spec.rb": [
        1,
        null,
        1,
        1,
        2,
        null,
        null,
        1,
        2,
        null,
        null
      ],
      "/Users/danielbriechle/turing/3mod/rails_eng/rails_engine/app/models/merchant.rb": [
        1,
        1,
        1,
        1,
        null,
        1,
        null
      ],
      "/Users/danielbriechle/turing/3mod/rails_eng/rails_engine/spec/models/transaction_spec.rb": [
        1,
        null,
        1,
        1,
        2,
        null,
        null,
        1,
        2,
        2,
        null,
        null
      ],
      "/Users/danielbriechle/turing/3mod/rails_eng/rails_engine/app/models/transaction.rb": [
        1,
        1,
        1,
        null
      ],
      "/Users/danielbriechle/turing/3mod/rails_eng/rails_engine/spec/requests/api/v1/customers_request_spec.rb": [
        1,
        1,
        1,
        null,
        1,
        null,
        1,
        1,
        null,
        null,
        1,
        1,
        null,
        null,
        1,
        null,
        1,
        null,
        1,
        null,
        1,
        1,
        null,
        null,
        1,
        1,
        null,
        1,
        null,
        1,
        null,
        1,
        null,
        1,
        1,
        null,
        null,
        1,
        1,
        null,
        1,
        null,
        1,
        null,
        1,
        null,
        1,
        null,
        1,
        null,
        1,
        null,
        null,
        1,
        1,
        1,
        null,
        1,
        null,
        1,
        null,
        1,
        null,
        null,
        1,
        1,
        null,
        1,
        null,
        1,
        1,
        1,
        null,
        null,
        1,
        1,
        null,
        1,
        null,
        1,
        null,
        1,
        null,
        1,
        null,
        1,
        null,
        1,
        null,
        null,
        1,
        1,
        1,
        null,
        1,
        null,
        1,
        null,
        1,
        null,
        null,
        1,
        1,
        null,
        1,
        null,
        1,
        1,
        1,
        null,
        null,
        1,
        1,
        1,
        1,
        1,
        null,
        1,
        null,
        1,
        null,
        1,
        null,
        null,
        1,
        1,
        null,
        1,
        null,
        1,
        1,
        1,
        null,
        null,
        null,
        1,
        1,
        1,
        1,
        null,
        1,
        null,
        1,
        null,
        1,
        null,
        1,
        1,
        null,
        1,
        null,
        1,
        1,
        1,
        null,
        null,
        null,
        1,
        1,
        1,
        1,
        1,
        1,
        1,
        null,
        1,
        1,
        null,
        1,
        null,
        0,
        null,
        0,
        null,
        null,
        0,
        null,
        0,
        null,
        0,
        0,
        null,
        null,
        null,
        null,
        null,
        null
      ],
      "/Users/danielbriechle/turing/3mod/rails_eng/rails_engine/spec/requests/api/v1/invoice_items_request_spec.rb": [
        1,
        1,
        1,
        1,
        1,
        1,
        1,
        null,
        1,
        1,
        1,
        1,
        1,
        null,
        1,
        1,
        1,
        1,
        1,
        null,
        1,
        null,
        1,
        1,
        null,
        null,
        1,
        1,
        1,
        1,
        1,
        1,
        null,
        1,
        null,
        null,
        1,
        null,
        1,
        null,
        1,
        null,
        1,
        1,
        null,
        null,
        1,
        1,
        null,
        null,
        1,
        null,
        1,
        null,
        1,
        null,
        1,
        null,
        1,
        1,
        null,
        null,
        1,
        1,
        1,
        1,
        null,
        1,
        null,
        1,
        null,
        1,
        null,
        null,
        1,
        1,
        null,
        1,
        1,
        1,
        1,
        null,
        null,
        1,
        1,
        null,
        1,
        null,
        1,
        null,
        1,
        null,
        1,
        null,
        1,
        1,
        null,
        null,
        1,
        1,
        1,
        1,
        null,
        1,
        null,
        1,
        null,
        1,
        null,
        null,
        1,
        1,
        null,
        1,
        1,
        1,
        1,
        null,
        null,
        1,
        1,
        null,
        1,
        null,
        1,
        null,
        1,
        null,
        1,
        null,
        1,
        1,
        null,
        null,
        1,
        1,
        1,
        null,
        null,
        1,
        null,
        1,
        null,
        1,
        null,
        null,
        1,
        1,
        null,
        1,
        1,
        1,
        1,
        null,
        null,
        1,
        1,
        null,
        1,
        null,
        1,
        null,
        1,
        null,
        1,
        null,
        1,
        1,
        null,
        null,
        1,
        1,
        1,
        null,
        1,
        null,
        1,
        null,
        null,
        1,
        null,
        null,
        1,
        1,
        null,
        1,
        1,
        1,
        1,
        null,
        null,
        1,
        1,
        1,
        null,
        null,
        null,
        1,
        null,
        1,
        null,
        1,
        null,
        1,
        null,
        1,
        null,
        1,
        1,
        null,
        null,
        null,
        1,
        1,
        1,
        null,
        1,
        null,
        1,
        null,
        1,
        null,
        1,
        null,
        1,
        1,
        null,
        null,
        null,
        null
      ],
      "/Users/danielbriechle/turing/3mod/rails_eng/rails_engine/spec/requests/api/v1/invoices_request_spec.rb": [
        1,
        1,
        1,
        1,
        1,
        1,
        null,
        1,
        1,
        1,
        1,
        null,
        1,
        1,
        1,
        1,
        null,
        1,
        null,
        1,
        1,
        null,
        null,
        1,
        1,
        1,
        1,
        1,
        null,
        1,
        null,
        null,
        1,
        null,
        1,
        null,
        1,
        null,
        1,
        1,
        null,
        null,
        1,
        1,
        null,
        1,
        null,
        1,
        null,
        1,
        null,
        1,
        null,
        1,
        1,
        null,
        null,
        1,
        1,
        1,
        1,
        null,
        null,
        1,
        null,
        1,
        null,
        1,
        null,
        1,
        1,
        null,
        1,
        1,
        1,
        1,
        null,
        null,
        1,
        1,
        1,
        1,
        null,
        1,
        null,
        1,
        null,
        1,
        1,
        1,
        1,
        null,
        1,
        1,
        null,
        null,
        1,
        1,
        1,
        1,
        1,
        1,
        null,
        null,
        1,
        null,
        1,
        null,
        1,
        null,
        1,
        1,
        1,
        null,
        1,
        1,
        null,
        null,
        null,
        1,
        1,
        1,
        1,
        1,
        1,
        null,
        null,
        1,
        null,
        1,
        null,
        1,
        null,
        1,
        1,
        1,
        null,
        1,
        1,
        null,
        null,
        null,
        1,
        1,
        1,
        null,
        null,
        1,
        null,
        1,
        null,
        1,
        null,
        1,
        1,
        null,
        1,
        1,
        null,
        null,
        null,
        1,
        1,
        1,
        null,
        1,
        null,
        1,
        null,
        1,
        null,
        1,
        1,
        null,
        1,
        1,
        null,
        null,
        null,
        null
      ],
      "/Users/danielbriechle/turing/3mod/rails_eng/rails_engine/spec/requests/api/v1/items_request_spec.rb": [
        1,
        1,
        1,
        null,
        1,
        null,
        1,
        1,
        null,
        null,
        1,
        1,
        null,
        null,
        1,
        null,
        1,
        null,
        1,
        null,
        1,
        1,
        null,
        null,
        1,
        1,
        null,
        1,
        null,
        1,
        null,
        1,
        null,
        1,
        1,
        null,
        null,
        1,
        1,
        1,
        1,
        null,
        1,
        null,
        1,
        null,
        1,
        1,
        1,
        null,
        null,
        null,
        1,
        1,
        1,
        1,
        null,
        null,
        1,
        null,
        1,
        1,
        null,
        1,
        null,
        1,
        null,
        1,
        1,
        1,
        null,
        null,
        null,
        1,
        1,
        1,
        1,
        null,
        null,
        1,
        1,
        1,
        1,
        null,
        1,
        null,
        1,
        null,
        1,
        null,
        1,
        1,
        null,
        1,
        1,
        1,
        1,
        null,
        null,
        null,
        1,
        1,
        1,
        null,
        1,
        null,
        1,
        null,
        1,
        null,
        1,
        null,
        1,
        1,
        null,
        null,
        null,
        1,
        0,
        0,
        0,
        0,
        0,
        null,
        0,
        0,
        null,
        0,
        0,
        0,
        0,
        null,
        null,
        null
      ],
      "/Users/danielbriechle/turing/3mod/rails_eng/rails_engine/spec/requests/api/v1/merchants_request_spec.rb": [
        1,
        1,
        1,
        null,
        1,
        null,
        1,
        1,
        null,
        null,
        1,
        1,
        null,
        null,
        1,
        null,
        1,
        null,
        1,
        null,
        1,
        1,
        null,
        null,
        1,
        1,
        null,
        1,
        null,
        1,
        null,
        1,
        null,
        1,
        1,
        null,
        null,
        1,
        1,
        1,
        null,
        null,
        1,
        null,
        1,
        null,
        1,
        1,
        1,
        null,
        null,
        null,
        1,
        1,
        1,
        1,
        null,
        null,
        1,
        1,
        1,
        1,
        null,
        1,
        null,
        1,
        null,
        1,
        null,
        1,
        1,
        1,
        null,
        1,
        1,
        null,
        null,
        1,
        1,
        1,
        1,
        null,
        1,
        null,
        1,
        null,
        1,
        null,
        1,
        1,
        1,
        null,
        1,
        1,
        null,
        null
      ],
      "/Users/danielbriechle/turing/3mod/rails_eng/rails_engine/spec/requests/api/v1/transactions_request_spec.rb": [
        1,
        1,
        1,
        1,
        1,
        1,
        1,
        null,
        1,
        1,
        1,
        1,
        1,
        null,
        1,
        1,
        1,
        1,
        1,
        null,
        1,
        null,
        1,
        1,
        null,
        null,
        1,
        1,
        1,
        1,
        1,
        1,
        null,
        null,
        1,
        null,
        1,
        null,
        1,
        null,
        1,
        1,
        null,
        null,
        1,
        1,
        1,
        null,
        1,
        null,
        1,
        null,
        1,
        1,
        null,
        1,
        1,
        null,
        null,
        null,
        1,
        1,
        1,
        1,
        null,
        1,
        null,
        1,
        null,
        null,
        1,
        null,
        null,
        1,
        1,
        null,
        1,
        1,
        1,
        1,
        null,
        null,
        1,
        1,
        1,
        null,
        1,
        null,
        1,
        null,
        null,
        1,
        null,
        null,
        1,
        null,
        1,
        1,
        1,
        null,
        null
      ],
      "/Users/danielbriechle/turing/3mod/rails_eng/rails_engine/app/controllers/api/v1/customers_controller.rb": [
        1,
        1,
        1,
        null,
        null,
        1,
        1,
        null,
        null
      ],
      "/Users/danielbriechle/turing/3mod/rails_eng/rails_engine/app/controllers/application_controller.rb": [
        1,
        null
      ],
      "/Users/danielbriechle/turing/3mod/rails_eng/rails_engine/app/serializers/customer_serializer.rb": [
        1,
        1,
        1,
        null
      ],
      "/Users/danielbriechle/turing/3mod/rails_eng/rails_engine/app/controllers/api/v1/customers/search_controller.rb": [
        1,
        null,
        1,
        2,
        null,
        null,
        1,
        3,
        null,
        null,
        1,
        null,
        1,
        5,
        null,
        null,
        null
      ],
      "/Users/danielbriechle/turing/3mod/rails_eng/rails_engine/app/controllers/api/v1/customers/transactions/search_controller.rb": [
        1,
        null,
        1,
        1,
        null,
        null,
        null
      ],
      "/Users/danielbriechle/turing/3mod/rails_eng/rails_engine/app/serializers/transaction_serializer.rb": [
        1,
        1,
        1,
        null
      ],
      "/Users/danielbriechle/turing/3mod/rails_eng/rails_engine/app/controllers/api/v1/customers/invoices/search_controller.rb": [
        1,
        1,
        1,
        null,
        null
      ],
      "/Users/danielbriechle/turing/3mod/rails_eng/rails_engine/app/serializers/invoice_serializer.rb": [
        1,
        1,
        1,
        null
      ],
      "/Users/danielbriechle/turing/3mod/rails_eng/rails_engine/app/controllers/api/v1/invoice_items_controller.rb": [
        1,
        1,
        1,
        null,
        null,
        1,
        1,
        null,
        null
      ],
      "/Users/danielbriechle/turing/3mod/rails_eng/rails_engine/app/serializers/invoice_item_serializer.rb": [
        1,
        1,
        1,
        null,
        1,
        20,
        null,
        null,
        null
      ],
      "/Users/danielbriechle/turing/3mod/rails_eng/rails_engine/app/controllers/api/v1/invoice_items/search_controller.rb": [
        1,
        null,
        1,
        4,
        null,
        null,
        1,
        4,
        null,
        null,
        null,
        1,
        null,
        1,
        8,
        2,
        2,
        null,
        6,
        null,
        null,
        null,
        null
      ],
      "/Users/danielbriechle/turing/3mod/rails_eng/rails_engine/app/controllers/api/v1/invoice_items/items/search_controller.rb": [
        1,
        null,
        1,
        1,
        null,
        null,
        null
      ],
      "/Users/danielbriechle/turing/3mod/rails_eng/rails_engine/app/serializers/item_serializer.rb": [
        1,
        1,
        null,
        1,
        null,
        1,
        14,
        null,
        null,
        null
      ],
      "/Users/danielbriechle/turing/3mod/rails_eng/rails_engine/app/controllers/api/v1/invoice_items/invoices/search_controller.rb": [
        1,
        null,
        1,
        1,
        null,
        null,
        null
      ],
      "/Users/danielbriechle/turing/3mod/rails_eng/rails_engine/app/controllers/api/v1/invoices_controller.rb": [
        1,
        1,
        1,
        null,
        1,
        1,
        null,
        null
      ],
      "/Users/danielbriechle/turing/3mod/rails_eng/rails_engine/app/controllers/api/v1/invoices/search_controller.rb": [
        1,
        null,
        1,
        1,
        null,
        null,
        1,
        1,
        null,
        null,
        1,
        null,
        1,
        2,
        null,
        null,
        null
      ],
      "/Users/danielbriechle/turing/3mod/rails_eng/rails_engine/app/controllers/api/v1/invoices/transactions/search_controller.rb": [
        1,
        1,
        1,
        null,
        null
      ],
      "/Users/danielbriechle/turing/3mod/rails_eng/rails_engine/app/controllers/api/v1/invoices/items/search_controller.rb": [
        1,
        null,
        1,
        1,
        null,
        null,
        null,
        null
      ],
      "/Users/danielbriechle/turing/3mod/rails_eng/rails_engine/app/controllers/api/v1/invoices/invoice_items/search_controller.rb": [
        1,
        null,
        1,
        1,
        null,
        null,
        null
      ],
      "/Users/danielbriechle/turing/3mod/rails_eng/rails_engine/app/controllers/api/v1/invoices/customers/search_controller.rb": [
        1,
        null,
        1,
        1,
        null,
        null,
        null
      ],
      "/Users/danielbriechle/turing/3mod/rails_eng/rails_engine/app/controllers/api/v1/invoices/merchants/search_controller.rb": [
        1,
        null,
        1,
        1,
        null,
        null,
        null
      ],
      "/Users/danielbriechle/turing/3mod/rails_eng/rails_engine/app/serializers/merchant_serializer.rb": [
        1,
        1,
        1,
        null
      ],
      "/Users/danielbriechle/turing/3mod/rails_eng/rails_engine/app/controllers/api/v1/items_controller.rb": [
        1,
        1,
        1,
        null,
        null,
        1,
        1,
        null,
        null
      ],
      "/Users/danielbriechle/turing/3mod/rails_eng/rails_engine/app/controllers/api/v1/items/search_controller.rb": [
        1,
        null,
        1,
        2,
        null,
        null,
        1,
        1,
        null,
        null,
        1,
        null,
        1,
        3,
        1,
        1,
        null,
        2,
        null,
        null,
        null,
        null
      ],
      "/Users/danielbriechle/turing/3mod/rails_eng/rails_engine/app/controllers/api/v1/items/invoice_items/search_controller.rb": [
        1,
        1,
        1,
        null,
        null
      ],
      "/Users/danielbriechle/turing/3mod/rails_eng/rails_engine/app/controllers/api/v1/items/merchants/search_controller.rb": [
        1,
        1,
        1,
        null,
        null
      ],
      "/Users/danielbriechle/turing/3mod/rails_eng/rails_engine/app/controllers/api/v1/merchants_controller.rb": [
        1,
        1,
        1,
        null,
        null,
        1,
        1,
        null,
        null
      ],
      "/Users/danielbriechle/turing/3mod/rails_eng/rails_engine/app/controllers/api/v1/merchants/search_controller.rb": [
        1,
        null,
        1,
        1,
        null,
        null,
        1,
        1,
        null,
        null,
        1,
        null,
        1,
        2,
        null,
        null,
        null
      ],
      "/Users/danielbriechle/turing/3mod/rails_eng/rails_engine/app/controllers/api/v1/merchants/items/search_controller.rb": [
        1,
        1,
        1,
        null,
        null
      ],
      "/Users/danielbriechle/turing/3mod/rails_eng/rails_engine/app/controllers/api/v1/merchants/invoices/search_controller.rb": [
        1,
        1,
        1,
        null,
        null
      ],
      "/Users/danielbriechle/turing/3mod/rails_eng/rails_engine/app/controllers/api/v1/transactions_controller.rb": [
        1,
        1,
        1,
        null,
        null,
        1,
        1,
        null,
        null
      ],
      "/Users/danielbriechle/turing/3mod/rails_eng/rails_engine/app/controllers/api/v1/transactions/search_controller.rb": [
        1,
        null,
        1,
        1,
        null,
        null,
        1,
        1,
        null,
        null,
        1,
        null,
        1,
        2,
        null,
        null,
        null
      ],
      "/Users/danielbriechle/turing/3mod/rails_eng/rails_engine/app/controllers/api/v1/transactions/invoices/search_controller.rb": [
        1,
        1,
        1,
        null,
        null
      ]
    },
    "timestamp": 1548629554
  }
}
